<?xml version="1.0" encoding="UTF-8"?>
<!-- Generated by org.testng.reporters.JUnitReportReporter -->
<testsuite hostname="LAPTOP-869F5CUM" failures="0" tests="1" name="com.CRM.Testcases.LoginPageTestCase" time="1.821" errors="0" timestamp="2024-11-10T18:44:36 IST" skipped="0">
  <testcase classname="com.CRM.Testcases.LoginPageTestCase" name="validateLogin" time="1.821"/>
  <system-out/>
</testsuite> <!-- com.CRM.Testcases.LoginPageTestCase -->
