<?xml version="1.0" encoding="UTF-8"?>
<!-- Generated by org.testng.reporters.JUnitReportReporter -->
<testsuite hostname="LAPTOP-869F5CUM" failures="0" tests="3" name="com.CRM.Testcases.HomePageTestCase" time="0.530" errors="0" timestamp="2024-11-10T14:24:00 IST" skipped="0">
  <testcase classname="com.CRM.Testcases.HomePageTestCase" name="verifyUrl" time="0.011"/>
  <testcase classname="com.CRM.Testcases.HomePageTestCase" name="verifyTitle" time="0.012"/>
  <testcase classname="com.CRM.Testcases.HomePageTestCase" name="verifyStatusofLink" time="0.507"/>
</testsuite> <!-- com.CRM.Testcases.HomePageTestCase -->
