<?xml version="1.0" encoding="UTF-8"?>
<!-- Generated by org.testng.reporters.JUnitReportReporter -->
<testsuite hostname="LAPTOP-869F5CUM" failures="0" tests="3" name="com.CRM.Testcases.HomePageTestCase" time="0.586" errors="0" timestamp="2024-11-15T17:04:28 IST" skipped="0">
  <testcase classname="com.CRM.Testcases.HomePageTestCase" name="verifyUrl" time="0.025"/>
  <testcase classname="com.CRM.Testcases.HomePageTestCase" name="verifyTitle" time="0.006"/>
  <testcase classname="com.CRM.Testcases.HomePageTestCase" name="verifyStatusofLink" time="0.555"/>
</testsuite> <!-- com.CRM.Testcases.HomePageTestCase -->
